[2026-02-03 11:12:30.709] [3508] [HailoRT] [info] [device.cpp:51] [Device] OS Version: Linux 6.12.62+rpt-rpi-2712 #1 SMP PREEMPT Debian 1:6.12.62-1+rpt1 (2025-12-18) aarch64
[2026-02-03 11:12:30.709] [3508] [HailoRT] [info] [control.cpp:113] [control__parse_identify_results] firmware_version is: 4.23.0
[2026-02-03 11:12:30.709] [3508] [HailoRT] [info] [control.cpp:113] [control__parse_identify_results] firmware_version is: 4.23.0
[2026-02-03 11:12:30.691] [3495] [HailoRT] [info] [vdevice.cpp:535] [create] Creating vdevice with params: device_count: 1, scheduling_algorithm: ROUND_ROBIN, multi_process_service: false
[2026-02-03 11:12:30.704] [3495] [HailoRT] [info] [device.cpp:51] [Device] OS Version: Linux 6.12.62+rpt-rpi-2712 #1 SMP PREEMPT Debian 1:6.12.62-1+rpt1 (2025-12-18) aarch64
[2026-02-03 11:12:30.704] [3495] [HailoRT] [info] [control.cpp:113] [control__parse_identify_results] firmware_version is: 4.23.0
[2026-02-03 11:12:30.705] [3495] [HailoRT] [info] [vdevice.cpp:682] [create] VDevice Infos: 0001:01:00.0
[2026-02-03 11:12:30.770] [3495] [HailoRT] [info] [hef.cpp:1994] [get_network_group_and_network_name] No name was given. Addressing all networks of default network_group: yolov8s_pose
[2026-02-03 11:12:30.770] [3495] [HailoRT] [info] [hef.cpp:1994] [get_network_group_and_network_name] No name was given. Addressing all networks of default network_group: yolov8s_pose
[2026-02-03 11:12:30.775] [3495] [HailoRT] [info] [internal_buffer_manager.cpp:75] [print_execution_results] Default Internal buffer planner failed to meet requirements
[2026-02-03 11:12:30.775] [3495] [HailoRT] [info] [internal_buffer_manager.cpp:86] [print_execution_results] Default Internal buffer planner executed successfully
[2026-02-03 11:12:30.784] [3495] [HailoRT] [info] [device_internal.cpp:57] [configure] Configuring HEF took 13.707837 milliseconds
[2026-02-03 11:12:30.784] [3495] [HailoRT] [info] [vdevice.cpp:780] [configure] Configuring HEF on VDevice took 14.068969 milliseconds
[2026-02-03 11:12:30.784] [3495] [HailoRT] [info] [infer_model.cpp:417] [configure] Configuring network group 'yolov8s_pose' with params: batch size: 0, power mode: PERFORMANCE, latency: MEASURE
[2026-02-03 11:12:30.784] [3495] [HailoRT] [info] [multi_io_elements.cpp:754] [create] Created (AsyncHwEl)
[2026-02-03 11:12:30.784] [3495] [HailoRT] [info] [queue_elements.cpp:450] [create] Created (EntryPushQEl0yolov8s_pose/input_layer1 | timeout: 10s)
[2026-02-03 11:12:30.784] [3495] [HailoRT] [info] [edge_elements.cpp:187] [create] Created (LastAsyncEl5AsyncHwEl)
[2026-02-03 11:12:30.784] [3495] [HailoRT] [info] [queue_elements.cpp:450] [create] Created (PushQEl4AsyncHwEl | timeout: 10s)
[2026-02-03 11:12:30.784] [3495] [HailoRT] [info] [filter_elements.cpp:372] [create] Created (PostInferEl4AsyncHwEl | Reorder - src_order: FCR, src_shape: (20, 20, 56), dst_order: FCR, dst_shape: (20, 20, 51))
[2026-02-03 11:12:30.784] [3495] [HailoRT] [info] [edge_elements.cpp:187] [create] Created (LastAsyncEl0PostInferEl4AsyncHwEl)
[2026-02-03 11:12:30.784] [3495] [HailoRT] [info] [edge_elements.cpp:187] [create] Created (LastAsyncEl3AsyncHwEl)
[2026-02-03 11:12:30.784] [3495] [HailoRT] [info] [edge_elements.cpp:187] [create] Created (LastAsyncEl7AsyncHwEl)
[2026-02-03 11:12:30.784] [3495] [HailoRT] [info] [edge_elements.cpp:187] [create] Created (LastAsyncEl6AsyncHwEl)
[2026-02-03 11:12:30.784] [3495] [HailoRT] [info] [edge_elements.cpp:187] [create] Created (LastAsyncEl2AsyncHwEl)
[2026-02-03 11:12:30.785] [3495] [HailoRT] [info] [queue_elements.cpp:450] [create] Created (PushQEl0AsyncHwEl | timeout: 10s)
[2026-02-03 11:12:30.785] [3495] [HailoRT] [info] [filter_elements.cpp:372] [create] Created (PostInferEl0AsyncHwEl | Reorder - src_order: FCR, src_shape: (40, 40, 56), dst_order: FCR, dst_shape: (40, 40, 51))
[2026-02-03 11:12:30.785] [3495] [HailoRT] [info] [edge_elements.cpp:187] [create] Created (LastAsyncEl0PostInferEl0AsyncHwEl)
[2026-02-03 11:12:30.785] [3495] [HailoRT] [info] [edge_elements.cpp:187] [create] Created (LastAsyncEl8AsyncHwEl)
[2026-02-03 11:12:30.785] [3495] [HailoRT] [info] [queue_elements.cpp:450] [create] Created (PushQEl1AsyncHwEl | timeout: 10s)
[2026-02-03 11:12:30.785] [3495] [HailoRT] [info] [filter_elements.cpp:372] [create] Created (PostInferEl1AsyncHwEl | Reorder - src_order: FCR, src_shape: (80, 80, 56), dst_order: FCR, dst_shape: (80, 80, 51))
[2026-02-03 11:12:30.785] [3495] [HailoRT] [info] [edge_elements.cpp:187] [create] Created (LastAsyncEl0PostInferEl1AsyncHwEl)
[2026-02-03 11:12:30.785] [3495] [HailoRT] [info] [pipeline.cpp:891] [print_deep_description] EntryPushQEl0yolov8s_pose/input_layer1 | inputs: user | outputs: AsyncHwEl(running in thread_id: 3514)
[2026-02-03 11:12:30.785] [3495] [HailoRT] [info] [pipeline.cpp:891] [print_deep_description] AsyncHwEl | inputs: EntryPushQEl0yolov8s_pose/input_layer1[0] | outputs: PushQEl0AsyncHwEl PushQEl1AsyncHwEl LastAsyncEl2AsyncHwEl LastAsyncEl3AsyncHwEl PushQEl4AsyncHwEl LastAsyncEl5AsyncHwEl LastAsyncEl6AsyncHwEl LastAsyncEl7AsyncHwEl LastAsyncEl8AsyncHwEl
[2026-02-03 11:12:30.785] [3495] [HailoRT] [info] [pipeline.cpp:891] [print_deep_description] PushQEl0AsyncHwEl | inputs: AsyncHwEl[0] | outputs: PostInferEl0AsyncHwEl(running in thread_id: 3516)
[2026-02-03 11:12:30.785] [3495] [HailoRT] [info] [pipeline.cpp:891] [print_deep_description] PostInferEl0AsyncHwEl | inputs: PushQEl0AsyncHwEl[0] | outputs: LastAsyncEl0PostInferEl0AsyncHwEl
[2026-02-03 11:12:30.785] [3495] [HailoRT] [info] [pipeline.cpp:891] [print_deep_description] LastAsyncEl0PostInferEl0AsyncHwEl | inputs: PostInferEl0AsyncHwEl[0] | outputs: user
[2026-02-03 11:12:30.785] [3495] [HailoRT] [info] [pipeline.cpp:891] [print_deep_description] PushQEl1AsyncHwEl | inputs: AsyncHwEl[0] | outputs: PostInferEl1AsyncHwEl(running in thread_id: 3517)
[2026-02-03 11:12:30.785] [3495] [HailoRT] [info] [pipeline.cpp:891] [print_deep_description] PostInferEl1AsyncHwEl | inputs: PushQEl1AsyncHwEl[0] | outputs: LastAsyncEl0PostInferEl1AsyncHwEl
[2026-02-03 11:12:30.785] [3495] [HailoRT] [info] [pipeline.cpp:891] [print_deep_description] LastAsyncEl0PostInferEl1AsyncHwEl | inputs: PostInferEl1AsyncHwEl[0] | outputs: user
[2026-02-03 11:12:30.785] [3495] [HailoRT] [info] [pipeline.cpp:891] [print_deep_description] LastAsyncEl2AsyncHwEl | inputs: AsyncHwEl[0] | outputs: user
[2026-02-03 11:12:30.785] [3495] [HailoRT] [info] [pipeline.cpp:891] [print_deep_description] LastAsyncEl3AsyncHwEl | inputs: AsyncHwEl[0] | outputs: user
[2026-02-03 11:12:30.785] [3495] [HailoRT] [info] [pipeline.cpp:891] [print_deep_description] PushQEl4AsyncHwEl | inputs: AsyncHwEl[0] | outputs: PostInferEl4AsyncHwEl(running in thread_id: 3515)
[2026-02-03 11:12:30.785] [3495] [HailoRT] [info] [pipeline.cpp:891] [print_deep_description] PostInferEl4AsyncHwEl | inputs: PushQEl4AsyncHwEl[0] | outputs: LastAsyncEl0PostInferEl4AsyncHwEl
[2026-02-03 11:12:30.785] [3495] [HailoRT] [info] [pipeline.cpp:891] [print_deep_description] LastAsyncEl0PostInferEl4AsyncHwEl | inputs: PostInferEl4AsyncHwEl[0] | outputs: user
[2026-02-03 11:12:30.785] [3495] [HailoRT] [info] [pipeline.cpp:891] [print_deep_description] LastAsyncEl5AsyncHwEl | inputs: AsyncHwEl[0] | outputs: user
[2026-02-03 11:12:30.785] [3495] [HailoRT] [info] [pipeline.cpp:891] [print_deep_description] LastAsyncEl6AsyncHwEl | inputs: AsyncHwEl[0] | outputs: user
[2026-02-03 11:12:30.785] [3495] [HailoRT] [info] [pipeline.cpp:891] [print_deep_description] LastAsyncEl7AsyncHwEl | inputs: AsyncHwEl[0] | outputs: user
[2026-02-03 11:12:30.785] [3495] [HailoRT] [info] [pipeline.cpp:891] [print_deep_description] LastAsyncEl8AsyncHwEl | inputs: AsyncHwEl[0] | outputs: user
[2026-02-03 11:13:01.242] [3495] [HailoRT] [info] [async_infer_runner.cpp:86] [shutdown] Pipeline was aborted. Shutting it down
[2026-02-03 11:13:01.242] [3495] [HailoRT] [info] [async_infer_runner.cpp:86] [shutdown] Pipeline was aborted. Shutting it down
[2026-02-03 11:13:01.242] [3495] [HailoRT] [info] [queue_elements.cpp:570] [execute_deactivate] enqueue() in element PushQEl0AsyncHwEl was aborted, got status = HAILO_SHUTDOWN_EVENT_SIGNALED(57)
[2026-02-03 11:13:01.242] [3495] [HailoRT] [info] [queue_elements.cpp:570] [execute_deactivate] enqueue() in element PushQEl1AsyncHwEl was aborted, got status = HAILO_SHUTDOWN_EVENT_SIGNALED(57)
[2026-02-03 11:13:01.242] [3495] [HailoRT] [info] [queue_elements.cpp:570] [execute_deactivate] enqueue() in element PushQEl4AsyncHwEl was aborted, got status = HAILO_SHUTDOWN_EVENT_SIGNALED(57)
[2026-02-03 11:13:01.242] [3495] [HailoRT] [info] [queue_elements.cpp:570] [execute_deactivate] enqueue() in element EntryPushQEl0yolov8s_pose/input_layer1 was aborted, got status = HAILO_SHUTDOWN_EVENT_SIGNALED(57)
[2026-02-03 11:13:01.242] [3495] [HailoRT] [info] [queue_elements.cpp:46] [~BaseQueueElement] Queue element EntryPushQEl0yolov8s_pose/input_layer1 has 0 frames in his Queue on destruction
[2026-02-03 11:13:01.242] [3495] [HailoRT] [info] [queue_elements.cpp:46] [~BaseQueueElement] Queue element PushQEl4AsyncHwEl has 0 frames in his Queue on destruction
[2026-02-03 11:13:01.242] [3495] [HailoRT] [info] [queue_elements.cpp:46] [~BaseQueueElement] Queue element PushQEl0AsyncHwEl has 0 frames in his Queue on destruction
[2026-02-03 11:13:01.243] [3495] [HailoRT] [info] [queue_elements.cpp:46] [~BaseQueueElement] Queue element PushQEl1AsyncHwEl has 0 frames in his Queue on destruction
[2026-02-03 16:48:42.433] [4011] [HailoRT] [info] [device.cpp:51] [Device] OS Version: Linux 6.12.62+rpt-rpi-2712 #1 SMP PREEMPT Debian 1:6.12.62-1+rpt1 (2025-12-18) aarch64
[2026-02-03 16:48:42.433] [4011] [HailoRT] [info] [control.cpp:113] [control__parse_identify_results] firmware_version is: 4.23.0
[2026-02-03 16:48:42.433] [4011] [HailoRT] [info] [control.cpp:113] [control__parse_identify_results] firmware_version is: 4.23.0
[2026-02-03 16:48:42.415] [3998] [HailoRT] [info] [vdevice.cpp:535] [create] Creating vdevice with params: device_count: 1, scheduling_algorithm: ROUND_ROBIN, multi_process_service: false
[2026-02-03 16:48:42.428] [3998] [HailoRT] [info] [device.cpp:51] [Device] OS Version: Linux 6.12.62+rpt-rpi-2712 #1 SMP PREEMPT Debian 1:6.12.62-1+rpt1 (2025-12-18) aarch64
[2026-02-03 16:48:42.428] [3998] [HailoRT] [info] [control.cpp:113] [control__parse_identify_results] firmware_version is: 4.23.0
[2026-02-03 16:48:42.428] [3998] [HailoRT] [info] [vdevice.cpp:682] [create] VDevice Infos: 0001:01:00.0
[2026-02-03 16:48:42.501] [3998] [HailoRT] [info] [hef.cpp:1994] [get_network_group_and_network_name] No name was given. Addressing all networks of default network_group: yolov8s_pose
[2026-02-03 16:48:42.501] [3998] [HailoRT] [info] [hef.cpp:1994] [get_network_group_and_network_name] No name was given. Addressing all networks of default network_group: yolov8s_pose
[2026-02-03 16:48:42.506] [3998] [HailoRT] [info] [internal_buffer_manager.cpp:75] [print_execution_results] Default Internal buffer planner failed to meet requirements
[2026-02-03 16:48:42.506] [3998] [HailoRT] [info] [internal_buffer_manager.cpp:86] [print_execution_results] Default Internal buffer planner executed successfully
[2026-02-03 16:48:42.515] [3998] [HailoRT] [info] [device_internal.cpp:57] [configure] Configuring HEF took 13.951791 milliseconds
[2026-02-03 16:48:42.515] [3998] [HailoRT] [info] [vdevice.cpp:780] [configure] Configuring HEF on VDevice took 14.326775 milliseconds
[2026-02-03 16:48:42.515] [3998] [HailoRT] [info] [infer_model.cpp:417] [configure] Configuring network group 'yolov8s_pose' with params: batch size: 0, power mode: PERFORMANCE, latency: MEASURE
[2026-02-03 16:48:42.515] [3998] [HailoRT] [info] [multi_io_elements.cpp:754] [create] Created (AsyncHwEl)
[2026-02-03 16:48:42.515] [3998] [HailoRT] [info] [queue_elements.cpp:450] [create] Created (EntryPushQEl0yolov8s_pose/input_layer1 | timeout: 10s)
[2026-02-03 16:48:42.515] [3998] [HailoRT] [info] [edge_elements.cpp:187] [create] Created (LastAsyncEl5AsyncHwEl)
[2026-02-03 16:48:42.515] [3998] [HailoRT] [info] [queue_elements.cpp:450] [create] Created (PushQEl4AsyncHwEl | timeout: 10s)
[2026-02-03 16:48:42.515] [3998] [HailoRT] [info] [filter_elements.cpp:372] [create] Created (PostInferEl4AsyncHwEl | Reorder - src_order: FCR, src_shape: (20, 20, 56), dst_order: FCR, dst_shape: (20, 20, 51))
[2026-02-03 16:48:42.515] [3998] [HailoRT] [info] [edge_elements.cpp:187] [create] Created (LastAsyncEl0PostInferEl4AsyncHwEl)
[2026-02-03 16:48:42.515] [3998] [HailoRT] [info] [edge_elements.cpp:187] [create] Created (LastAsyncEl3AsyncHwEl)
[2026-02-03 16:48:42.516] [3998] [HailoRT] [info] [edge_elements.cpp:187] [create] Created (LastAsyncEl7AsyncHwEl)
[2026-02-03 16:48:42.516] [3998] [HailoRT] [info] [edge_elements.cpp:187] [create] Created (LastAsyncEl6AsyncHwEl)
[2026-02-03 16:48:42.516] [3998] [HailoRT] [info] [edge_elements.cpp:187] [create] Created (LastAsyncEl2AsyncHwEl)
[2026-02-03 16:48:42.516] [3998] [HailoRT] [info] [queue_elements.cpp:450] [create] Created (PushQEl0AsyncHwEl | timeout: 10s)
[2026-02-03 16:48:42.516] [3998] [HailoRT] [info] [filter_elements.cpp:372] [create] Created (PostInferEl0AsyncHwEl | Reorder - src_order: FCR, src_shape: (40, 40, 56), dst_order: FCR, dst_shape: (40, 40, 51))
[2026-02-03 16:48:42.516] [3998] [HailoRT] [info] [edge_elements.cpp:187] [create] Created (LastAsyncEl0PostInferEl0AsyncHwEl)
[2026-02-03 16:48:42.516] [3998] [HailoRT] [info] [edge_elements.cpp:187] [create] Created (LastAsyncEl8AsyncHwEl)
[2026-02-03 16:48:42.516] [3998] [HailoRT] [info] [queue_elements.cpp:450] [create] Created (PushQEl1AsyncHwEl | timeout: 10s)
[2026-02-03 16:48:42.516] [3998] [HailoRT] [info] [filter_elements.cpp:372] [create] Created (PostInferEl1AsyncHwEl | Reorder - src_order: FCR, src_shape: (80, 80, 56), dst_order: FCR, dst_shape: (80, 80, 51))
[2026-02-03 16:48:42.516] [3998] [HailoRT] [info] [edge_elements.cpp:187] [create] Created (LastAsyncEl0PostInferEl1AsyncHwEl)
[2026-02-03 16:48:42.516] [3998] [HailoRT] [info] [pipeline.cpp:891] [print_deep_description] EntryPushQEl0yolov8s_pose/input_layer1 | inputs: user | outputs: AsyncHwEl(running in thread_id: 4017)
[2026-02-03 16:48:42.516] [3998] [HailoRT] [info] [pipeline.cpp:891] [print_deep_description] AsyncHwEl | inputs: EntryPushQEl0yolov8s_pose/input_layer1[0] | outputs: PushQEl0AsyncHwEl PushQEl1AsyncHwEl LastAsyncEl2AsyncHwEl LastAsyncEl3AsyncHwEl PushQEl4AsyncHwEl LastAsyncEl5AsyncHwEl LastAsyncEl6AsyncHwEl LastAsyncEl7AsyncHwEl LastAsyncEl8AsyncHwEl
[2026-02-03 16:48:42.516] [3998] [HailoRT] [info] [pipeline.cpp:891] [print_deep_description] PushQEl0AsyncHwEl | inputs: AsyncHwEl[0] | outputs: PostInferEl0AsyncHwEl(running in thread_id: 4019)
[2026-02-03 16:48:42.516] [3998] [HailoRT] [info] [pipeline.cpp:891] [print_deep_description] PostInferEl0AsyncHwEl | inputs: PushQEl0AsyncHwEl[0] | outputs: LastAsyncEl0PostInferEl0AsyncHwEl
[2026-02-03 16:48:42.516] [3998] [HailoRT] [info] [pipeline.cpp:891] [print_deep_description] LastAsyncEl0PostInferEl0AsyncHwEl | inputs: PostInferEl0AsyncHwEl[0] | outputs: user
[2026-02-03 16:48:42.516] [3998] [HailoRT] [info] [pipeline.cpp:891] [print_deep_description] PushQEl1AsyncHwEl | inputs: AsyncHwEl[0] | outputs: PostInferEl1AsyncHwEl(running in thread_id: 4020)
[2026-02-03 16:48:42.516] [3998] [HailoRT] [info] [pipeline.cpp:891] [print_deep_description] PostInferEl1AsyncHwEl | inputs: PushQEl1AsyncHwEl[0] | outputs: LastAsyncEl0PostInferEl1AsyncHwEl
[2026-02-03 16:48:42.516] [3998] [HailoRT] [info] [pipeline.cpp:891] [print_deep_description] LastAsyncEl0PostInferEl1AsyncHwEl | inputs: PostInferEl1AsyncHwEl[0] | outputs: user
[2026-02-03 16:48:42.516] [3998] [HailoRT] [info] [pipeline.cpp:891] [print_deep_description] LastAsyncEl2AsyncHwEl | inputs: AsyncHwEl[0] | outputs: user
[2026-02-03 16:48:42.516] [3998] [HailoRT] [info] [pipeline.cpp:891] [print_deep_description] LastAsyncEl3AsyncHwEl | inputs: AsyncHwEl[0] | outputs: user
[2026-02-03 16:48:42.516] [3998] [HailoRT] [info] [pipeline.cpp:891] [print_deep_description] PushQEl4AsyncHwEl | inputs: AsyncHwEl[0] | outputs: PostInferEl4AsyncHwEl(running in thread_id: 4018)
[2026-02-03 16:48:42.516] [3998] [HailoRT] [info] [pipeline.cpp:891] [print_deep_description] PostInferEl4AsyncHwEl | inputs: PushQEl4AsyncHwEl[0] | outputs: LastAsyncEl0PostInferEl4AsyncHwEl
[2026-02-03 16:48:42.516] [3998] [HailoRT] [info] [pipeline.cpp:891] [print_deep_description] LastAsyncEl0PostInferEl4AsyncHwEl | inputs: PostInferEl4AsyncHwEl[0] | outputs: user
[2026-02-03 16:48:42.516] [3998] [HailoRT] [info] [pipeline.cpp:891] [print_deep_description] LastAsyncEl5AsyncHwEl | inputs: AsyncHwEl[0] | outputs: user
[2026-02-03 16:48:42.516] [3998] [HailoRT] [info] [pipeline.cpp:891] [print_deep_description] LastAsyncEl6AsyncHwEl | inputs: AsyncHwEl[0] | outputs: user
[2026-02-03 16:48:42.516] [3998] [HailoRT] [info] [pipeline.cpp:891] [print_deep_description] LastAsyncEl7AsyncHwEl | inputs: AsyncHwEl[0] | outputs: user
[2026-02-03 16:48:42.516] [3998] [HailoRT] [info] [pipeline.cpp:891] [print_deep_description] LastAsyncEl8AsyncHwEl | inputs: AsyncHwEl[0] | outputs: user
